#
# A fatal error has been detected by the Java Runtime Environment:
#
#  EXCEPTION_ACCESS_VIOLATION (0xc0000005) at pc=0x00007ffda5933383, pid=16120, tid=7084
#
# JRE version: Java(TM) SE Runtime Environment (11.0.1+13) (build 11.0.1+13-LTS)
# Java VM: Java HotSpot(TM) 64-Bit Server VM (11.0.1+13-LTS, mixed mode, tiered, compressed oops, g1 gc, windows-amd64)
# Problematic frame:
# V  [jvm.dll+0x343383]
#
# No core dump will be written. Minidumps are not enabled by default on client versions of Windows
#
# If you would like to submit a bug report, please visit:
#   http://bugreport.java.com/bugreport/crash.jsp
#

---------------  S U M M A R Y ------------

Command Line: -agentlib:jdwp=transport=dt_socket,address=127.0.0.1:50223,suspend=y,server=n -ea -Didea.test.cyclic.buffer.size=1048576 -javaagent:C:\Users\SELMAA~1\AppData\Local\Temp\captureAgent979jars\debugger-agent.jar=file:/C:/Users/SELMAA~1/AppData/Local/Temp/capture.props -Dfile.encoding=UTF-8 com.intellij.rt.execution.junit.JUnitStarter -ideVersion5 -junit4 com.apigateway.ApigatewayApplicationTests,testGetAllUsersController

Host: Intel(R) Core(TM) i5-8250U CPU @ 1.60GHz, 8 cores, 7G,  Windows 10 , 64 bit Build 17134 (10.0.17134.706)
Time: Thu Apr 18 15:20:21 2019 Central European Daylight Time elapsed time: 2059 seconds (0d 0h 34m 19s)

---------------  T H R E A D  ---------------

Current thread (0x000002426714c800):  VMThread "VM Thread" [stack: 0x000000872eb00000,0x000000872ec00000] [id=7084]

Stack: [0x000000872eb00000,0x000000872ec00000],  sp=0x000000872ebfef60,  free space=1019k
Native frames: (J=compiled Java code, j=interpreted, Vv=VM code, C=native code)
V  [jvm.dll+0x343383]
V  [jvm.dll+0x3475cc]
V  [jvm.dll+0x347aaa]
V  [jvm.dll+0x343652]
V  [jvm.dll+0x62b355]
V  [jvm.dll+0x62b0dd]
V  [jvm.dll+0x5f0b9a]
V  [jvm.dll+0x503ec7]
V  [jvm.dll+0x78178c]
V  [jvm.dll+0x77fc47]
V  [jvm.dll+0x780470]
V  [jvm.dll+0x78077f]
V  [jvm.dll+0x63b2b2]
C  [ucrtbase.dll+0x1e3fe]
C  [KERNEL32.DLL+0x14034]
C  [ntdll.dll+0x73691]


siginfo: EXCEPTION_ACCESS_VIOLATION (0xc0000005), reading address 0xffffffffffffffff


Register to memory mapping:

RIP=0x00007ffda5933383 jvm.dll
RAX=0x0000024267104870 points into unknown readable memory
RBX=0x000000872ebff130 points into unknown readable memory
RCX=0x000000872ebff1a0 points into unknown readable memory
RDX=0xffffffffffffca18 is an unknown value
RSP=0x000000872ebfef60 points into unknown readable memory
RBP=0x00007ffda5933360 jvm.dll
RSI=0x0 is NULL
RDI=0x00000000000000a7 is an unknown value
R8 =0x03ffffffffffff28 is an unknown value
R9 =0x0000000000000018 is an unknown value
R10=0x0000024267144180 points into unknown readable memory
R11={method} {0x0000024267779248} 'testGetAllUsersController' '()V' in 'com/apigateway/ApigatewayApplicationTests'
R12=0x0000000000000001 is an unknown value
R13=0x00007ffda55f0000 jvm.dll
R14=0x00000242677791f3 is pointing into metadata
R15=0x0000000000000013 is an unknown value


Registers:
RAX=0x0000024267104870, RBX=0x000000872ebff130, RCX=0x000000872ebff1a0, RDX=0xffffffffffffca18
RSP=0x000000872ebfef60, RBP=0x00007ffda5933360, RSI=0x0000000000000000, RDI=0x00000000000000a7
R8 =0x03ffffffffffff28, R9 =0x0000000000000018, R10=0x0000024267144180, R11=0x0000024267779240
R12=0x0000000000000001, R13=0x00007ffda55f0000, R14=0x00000242677791f3, R15=0x0000000000000013
RIP=0x00007ffda5933383, EFLAGS=0x0000000000010a06

Top of Stack: (sp=0x000000872ebfef60)
0x000000872ebfef60:   0000000000000030 000000872ebfef90
0x000000872ebfef70:   00007ffda5e3f778 0000000000000030
0x000000872ebfef80:   000000872ebff130 00007ffda59375cc
0x000000872ebfef90:   000000872ebff130 0000000000000003
0x000000872ebfefa0:   0000000000000000 00007ffda57146de
0x000000872ebfefb0:   000000872ebff000 000002426714c800
0x000000872ebfefc0:   0000024267104ba8 00000242677791f3
0x000000872ebfefd0:   00000000000000a7 00007ffda5937aaa
0x000000872ebfefe0:   000000872ebff130 0000000000000013
0x000000872ebfeff0:   00000000000000a7 000000872ebff5e8
0x000000872ebff000:   0000024267779240 000002426714c800
0x000000872ebff010:   0000001600000013 000000a700000021
0x000000872ebff020:   0000002100000000 ffffffff000000a7
0x000000872ebff030:   0000024267104ba8 0000000000000000
0x000000872ebff040:   00007ffda6098a40 00000000000003d8
0x000000872ebff050:   0000024267104820 00007ffda5933652 

Instructions: (pc=0x00007ffda5933383)
0x00007ffda5933363:   83 ec 20 48 63 d2 48 8b d9 0f b6 c2 48 83 c1 70
0x00007ffda5933373:   24 3f 4c 8b c2 44 0f b6 c8 49 c1 e8 06 48 8b 01
0x00007ffda5933383:   4e 8b 04 c0 4d 0f a3 c8 72 0b 41 b0 01 e8 9b 5f
0x00007ffda5933393:   dd ff ff 43 6c 48 83 c4 20 5b c3 cc cc 8b c2 4c 


VM_Operation (0x000000872f4ff230): GetOrSetLocal, mode: safepoint, requested by thread 0x0000024267d6d800


---------------  P R O C E S S  ---------------

Threads class SMR info:
_java_thread_list=0x0000024268b8ab60, length=13, elements={
0x00000242465cc800, 0x000002426714e800, 0x0000024267159800, 0x00000242679d7800,
0x00000242679d8800, 0x00000242679dd800, 0x000002426716b800, 0x00000242679ed000,
0x0000024267105800, 0x0000024267d6d800, 0x0000024267d13800, 0x0000024267d14800,
0x0000024268112000
}

Java Threads: ( => current thread )
  0x00000242465cc800 JavaThread "main" [_thread_blocked, id=17444, stack(0x000000872e500000,0x000000872e600000)]
  0x000002426714e800 JavaThread "Reference Handler" daemon [_thread_blocked, id=15112, stack(0x000000872ec00000,0x000000872ed00000)]
  0x0000024267159800 JavaThread "Finalizer" daemon [_thread_blocked, id=3172, stack(0x000000872ed00000,0x000000872ee00000)]
  0x00000242679d7800 JavaThread "Signal Dispatcher" daemon [_thread_blocked, id=13120, stack(0x000000872ee00000,0x000000872ef00000)]
  0x00000242679d8800 JavaThread "Attach Listener" daemon [_thread_blocked, id=11764, stack(0x000000872ef00000,0x000000872f000000)]
  0x00000242679dd800 JavaThread "C2 CompilerThread0" daemon [_thread_blocked, id=16332, stack(0x000000872f000000,0x000000872f100000)]
  0x000002426716b800 JavaThread "C1 CompilerThread0" daemon [_thread_blocked, id=11072, stack(0x000000872f100000,0x000000872f200000)]
  0x00000242679ed000 JavaThread "Sweeper thread" daemon [_thread_blocked, id=18112, stack(0x000000872f200000,0x000000872f300000)]
  0x0000024267105800 JavaThread "Common-Cleaner" daemon [_thread_blocked, id=10592, stack(0x000000872f300000,0x000000872f400000)]
  0x0000024267d6d800 JavaThread "JDWP Transport Listener: dt_socket" daemon [_thread_blocked, id=5360, stack(0x000000872f400000,0x000000872f500000)] _threads_hazard_ptr=0x0000024268b8ab60
  0x0000024267d13800 JavaThread "JDWP Event Helper Thread" daemon [_thread_blocked, id=11712, stack(0x000000872f500000,0x000000872f600000)]
  0x0000024267d14800 JavaThread "JDWP Command Reader" daemon [_thread_in_native, id=8144, stack(0x000000872f600000,0x000000872f700000)]
  0x0000024268112000 JavaThread "Service Thread" daemon [_thread_blocked, id=17492, stack(0x000000872f700000,0x000000872f800000)]

Other Threads:
=>0x000002426714c800 VMThread "VM Thread" [stack: 0x000000872eb00000,0x000000872ec00000] [id=7084]
  0x0000024268377800 WatcherThread [stack: 0x000000872f800000,0x000000872f900000] [id=6068]
  0x00000242465e5800 GCTaskThread "GC Thread#0" [stack: 0x000000872e600000,0x000000872e700000] [id=3584]
  0x00000242687ab800 GCTaskThread "GC Thread#1" [stack: 0x000000872fb00000,0x000000872fc00000] [id=15368]
  0x0000024268e5e000 GCTaskThread "GC Thread#2" [stack: 0x000000872fc00000,0x000000872fd00000] [id=18944]
  0x0000024246616000 ConcurrentGCThread "G1 Main Marker" [stack: 0x000000872e700000,0x000000872e800000] [id=15084]
  0x0000024246618000 ConcurrentGCThread "G1 Conc#0" [stack: 0x000000872e800000,0x000000872e900000] [id=16328]
  0x0000024266fb3800 ConcurrentGCThread "G1 Refine#0" [stack: 0x000000872e900000,0x000000872ea00000] [id=14716]
  0x0000024266fb4800 ConcurrentGCThread "G1 Young RemSet Sampling" [stack: 0x000000872ea00000,0x000000872eb00000] [id=12872]

Threads with active compile tasks:

VM state:at safepoint (normal execution)

VM Mutex/Monitor currently owned by a thread:  ([mutex/lock_event])
[0x00000242465cb930] Threads_lock - owner thread: 0x000002426714c800

Heap address: 0x0000000081c00000, size: 2020 MB, Compressed Oops mode: 32-bit
Narrow klass base: 0x0000000000000000, Narrow klass shift: 3
Compressed class space size: 1073741824 Address: 0x0000000100000000

Heap:
 garbage-first heap   total 131072K, used 52905K [0x0000000081c00000, 0x0000000100000000)
  region size 1024K, 49 young (50176K), 3 survivors (3072K)
 Metaspace       used 15149K, capacity 15364K, committed 15616K, reserved 1062912K
  class space    used 1879K, capacity 1947K, committed 2048K, reserved 1048576K
Heap Regions: E=young(eden), S=young(survivor), O=old, HS=humongous(starts), HC=humongous(continues), CS=collection set, F=free, A=archive, TAMS=top-at-mark-start (previous, next)
|   0|0x0000000081c00000, 0x0000000081d00000, 0x0000000081d00000|100%| O|  |TAMS 0x0000000081c00000, 0x0000000081c00000| Untracked 
|   1|0x0000000081d00000, 0x0000000081e00000, 0x0000000081e00000|100%| O|  |TAMS 0x0000000081d00000, 0x0000000081d00000| Untracked 
|   2|0x0000000081e00000, 0x0000000081f00000, 0x0000000081f00000|100%| O|  |TAMS 0x0000000081e00000, 0x0000000081e00000| Untracked 
|   3|0x0000000081f00000, 0x0000000081faa600, 0x0000000082000000| 66%| O|  |TAMS 0x0000000081f00000, 0x0000000081f00000| Untracked 
|   4|0x0000000082000000, 0x0000000082000000, 0x0000000082100000|  0%| F|  |TAMS 0x0000000082000000, 0x0000000082000000| Untracked 
|   5|0x0000000082100000, 0x0000000082100000, 0x0000000082200000|  0%| F|  |TAMS 0x0000000082100000, 0x0000000082100000| Untracked 
|   6|0x0000000082200000, 0x0000000082200000, 0x0000000082300000|  0%| F|  |TAMS 0x0000000082200000, 0x0000000082200000| Untracked 
|   7|0x0000000082300000, 0x0000000082300000, 0x0000000082400000|  0%| F|  |TAMS 0x0000000082300000, 0x0000000082300000| Untracked 
|   8|0x0000000082400000, 0x0000000082400000, 0x0000000082500000|  0%| F|  |TAMS 0x0000000082400000, 0x0000000082400000| Untracked 
|   9|0x0000000082500000, 0x0000000082500000, 0x0000000082600000|  0%| F|  |TAMS 0x0000000082500000, 0x0000000082500000| Untracked 
|  10|0x0000000082600000, 0x0000000082600000, 0x0000000082700000|  0%| F|  |TAMS 0x0000000082600000, 0x0000000082600000| Untracked 
|  11|0x0000000082700000, 0x0000000082700000, 0x0000000082800000|  0%| F|  |TAMS 0x0000000082700000, 0x0000000082700000| Untracked 
|  12|0x0000000082800000, 0x0000000082800000, 0x0000000082900000|  0%| F|  |TAMS 0x0000000082800000, 0x0000000082800000| Untracked 
|  13|0x0000000082900000, 0x0000000082900000, 0x0000000082a00000|  0%| F|  |TAMS 0x0000000082900000, 0x0000000082900000| Untracked 
|  14|0x0000000082a00000, 0x0000000082a00000, 0x0000000082b00000|  0%| F|  |TAMS 0x0000000082a00000, 0x0000000082a00000| Untracked 
|  15|0x0000000082b00000, 0x0000000082b00000, 0x0000000082c00000|  0%| F|  |TAMS 0x0000000082b00000, 0x0000000082b00000| Untracked 
|  16|0x0000000082c00000, 0x0000000082c00000, 0x0000000082d00000|  0%| F|  |TAMS 0x0000000082c00000, 0x0000000082c00000| Untracked 
|  17|0x0000000082d00000, 0x0000000082d00000, 0x0000000082e00000|  0%| F|  |TAMS 0x0000000082d00000, 0x0000000082d00000| Untracked 
|  18|0x0000000082e00000, 0x0000000082e00000, 0x0000000082f00000|  0%| F|  |TAMS 0x0000000082e00000, 0x0000000082e00000| Untracked 
|  19|0x0000000082f00000, 0x0000000082f00000, 0x0000000083000000|  0%| F|  |TAMS 0x0000000082f00000, 0x0000000082f00000| Untracked 
|  20|0x0000000083000000, 0x0000000083000000, 0x0000000083100000|  0%| F|  |TAMS 0x0000000083000000, 0x0000000083000000| Untracked 
|  21|0x0000000083100000, 0x0000000083100000, 0x0000000083200000|  0%| F|  |TAMS 0x0000000083100000, 0x0000000083100000| Untracked 
|  22|0x0000000083200000, 0x0000000083200000, 0x0000000083300000|  0%| F|  |TAMS 0x0000000083200000, 0x0000000083200000| Untracked 
|  23|0x0000000083300000, 0x0000000083300000, 0x0000000083400000|  0%| F|  |TAMS 0x0000000083300000, 0x0000000083300000| Untracked 
|  24|0x0000000083400000, 0x0000000083400000, 0x0000000083500000|  0%| F|  |TAMS 0x0000000083400000, 0x0000000083400000| Untracked 
|  25|0x0000000083500000, 0x0000000083500000, 0x0000000083600000|  0%| F|  |TAMS 0x0000000083500000, 0x0000000083500000| Untracked 
|  26|0x0000000083600000, 0x0000000083600000, 0x0000000083700000|  0%| F|  |TAMS 0x0000000083600000, 0x0000000083600000| Untracked 
|  27|0x0000000083700000, 0x0000000083700000, 0x0000000083800000|  0%| F|  |TAMS 0x0000000083700000, 0x0000000083700000| Untracked 
|  28|0x0000000083800000, 0x0000000083800000, 0x0000000083900000|  0%| F|  |TAMS 0x0000000083800000, 0x0000000083800000| Untracked 
|  29|0x0000000083900000, 0x0000000083900000, 0x0000000083a00000|  0%| F|  |TAMS 0x0000000083900000, 0x0000000083900000| Untracked 
|  30|0x0000000083a00000, 0x0000000083a00000, 0x0000000083b00000|  0%| F|  |TAMS 0x0000000083a00000, 0x0000000083a00000| Untracked 
|  31|0x0000000083b00000, 0x0000000083b00000, 0x0000000083c00000|  0%| F|  |TAMS 0x0000000083b00000, 0x0000000083b00000| Untracked 
|  32|0x0000000083c00000, 0x0000000083c00000, 0x0000000083d00000|  0%| F|  |TAMS 0x0000000083c00000, 0x0000000083c00000| Untracked 
|  33|0x0000000083d00000, 0x0000000083d00000, 0x0000000083e00000|  0%| F|  |TAMS 0x0000000083d00000, 0x0000000083d00000| Untracked 
|  34|0x0000000083e00000, 0x0000000083e00000, 0x0000000083f00000|  0%| F|  |TAMS 0x0000000083e00000, 0x0000000083e00000| Untracked 
|  35|0x0000000083f00000, 0x0000000083f00000, 0x0000000084000000|  0%| F|  |TAMS 0x0000000083f00000, 0x0000000083f00000| Untracked 
|  36|0x0000000084000000, 0x0000000084000000, 0x0000000084100000|  0%| F|  |TAMS 0x0000000084000000, 0x0000000084000000| Untracked 
|  37|0x0000000084100000, 0x0000000084100000, 0x0000000084200000|  0%| F|  |TAMS 0x0000000084100000, 0x0000000084100000| Untracked 
|  38|0x0000000084200000, 0x0000000084200000, 0x0000000084300000|  0%| F|  |TAMS 0x0000000084200000, 0x0000000084200000| Untracked 
|  39|0x0000000084300000, 0x0000000084300000, 0x0000000084400000|  0%| F|  |TAMS 0x0000000084300000, 0x0000000084300000| Untracked 
|  40|0x0000000084400000, 0x0000000084400000, 0x0000000084500000|  0%| F|  |TAMS 0x0000000084400000, 0x0000000084400000| Untracked 
|  41|0x0000000084500000, 0x0000000084500000, 0x0000000084600000|  0%| F|  |TAMS 0x0000000084500000, 0x0000000084500000| Untracked 
|  42|0x0000000084600000, 0x0000000084600000, 0x0000000084700000|  0%| F|  |TAMS 0x0000000084600000, 0x0000000084600000| Untracked 
|  43|0x0000000084700000, 0x0000000084700000, 0x0000000084800000|  0%| F|  |TAMS 0x0000000084700000, 0x0000000084700000| Untracked 
|  44|0x0000000084800000, 0x0000000084800000, 0x0000000084900000|  0%| F|  |TAMS 0x0000000084800000, 0x0000000084800000| Untracked 
|  45|0x0000000084900000, 0x0000000084900000, 0x0000000084a00000|  0%| F|  |TAMS 0x0000000084900000, 0x0000000084900000| Untracked 
|  46|0x0000000084a00000, 0x0000000084a00000, 0x0000000084b00000|  0%| F|  |TAMS 0x0000000084a00000, 0x0000000084a00000| Untracked 
|  47|0x0000000084b00000, 0x0000000084b00000, 0x0000000084c00000|  0%| F|  |TAMS 0x0000000084b00000, 0x0000000084b00000| Untracked 
|  48|0x0000000084c00000, 0x0000000084c00000, 0x0000000084d00000|  0%| F|  |TAMS 0x0000000084c00000, 0x0000000084c00000| Untracked 
|  49|0x0000000084d00000, 0x0000000084d00000, 0x0000000084e00000|  0%| F|  |TAMS 0x0000000084d00000, 0x0000000084d00000| Untracked 
|  50|0x0000000084e00000, 0x0000000084e00000, 0x0000000084f00000|  0%| F|  |TAMS 0x0000000084e00000, 0x0000000084e00000| Untracked 
|  51|0x0000000084f00000, 0x0000000084f00000, 0x0000000085000000|  0%| F|  |TAMS 0x0000000084f00000, 0x0000000084f00000| Untracked 
|  52|0x0000000085000000, 0x0000000085000000, 0x0000000085100000|  0%| F|  |TAMS 0x0000000085000000, 0x0000000085000000| Untracked 
|  53|0x0000000085100000, 0x0000000085100000, 0x0000000085200000|  0%| F|  |TAMS 0x0000000085100000, 0x0000000085100000| Untracked 
|  54|0x0000000085200000, 0x0000000085200000, 0x0000000085300000|  0%| F|  |TAMS 0x0000000085200000, 0x0000000085200000| Untracked 
|  55|0x0000000085300000, 0x0000000085300000, 0x0000000085400000|  0%| F|  |TAMS 0x0000000085300000, 0x0000000085300000| Untracked 
|  56|0x0000000085400000, 0x0000000085400000, 0x0000000085500000|  0%| F|  |TAMS 0x0000000085400000, 0x0000000085400000| Untracked 
|  57|0x0000000085500000, 0x0000000085500000, 0x0000000085600000|  0%| F|  |TAMS 0x0000000085500000, 0x0000000085500000| Untracked 
|  58|0x0000000085600000, 0x0000000085600000, 0x0000000085700000|  0%| F|  |TAMS 0x0000000085600000, 0x0000000085600000| Untracked 
|  59|0x0000000085700000, 0x0000000085700000, 0x0000000085800000|  0%| F|  |TAMS 0x0000000085700000, 0x0000000085700000| Untracked 
|  60|0x0000000085800000, 0x0000000085800000, 0x0000000085900000|  0%| F|  |TAMS 0x0000000085800000, 0x0000000085800000| Untracked 
|  61|0x0000000085900000, 0x0000000085900000, 0x0000000085a00000|  0%| F|  |TAMS 0x0000000085900000, 0x0000000085900000| Untracked 
|  62|0x0000000085a00000, 0x0000000085a00000, 0x0000000085b00000|  0%| F|  |TAMS 0x0000000085a00000, 0x0000000085a00000| Untracked 
|  63|0x0000000085b00000, 0x0000000085b00000, 0x0000000085c00000|  0%| F|  |TAMS 0x0000000085b00000, 0x0000000085b00000| Untracked 
|  64|0x0000000085c00000, 0x0000000085c00000, 0x0000000085d00000|  0%| F|  |TAMS 0x0000000085c00000, 0x0000000085c00000| Untracked 
|  65|0x0000000085d00000, 0x0000000085d00000, 0x0000000085e00000|  0%| F|  |TAMS 0x0000000085d00000, 0x0000000085d00000| Untracked 
|  66|0x0000000085e00000, 0x0000000085e00000, 0x0000000085f00000|  0%| F|  |TAMS 0x0000000085e00000, 0x0000000085e00000| Untracked 
|  67|0x0000000085f00000, 0x0000000085f00000, 0x0000000086000000|  0%| F|  |TAMS 0x0000000085f00000, 0x0000000085f00000| Untracked 
|  68|0x0000000086000000, 0x0000000086000000, 0x0000000086100000|  0%| F|  |TAMS 0x0000000086000000, 0x0000000086000000| Untracked 
|  69|0x0000000086100000, 0x0000000086100000, 0x0000000086200000|  0%| F|  |TAMS 0x0000000086100000, 0x0000000086100000| Untracked 
|  70|0x0000000086200000, 0x0000000086200000, 0x0000000086300000|  0%| F|  |TAMS 0x0000000086200000, 0x0000000086200000| Untracked 
|  71|0x0000000086300000, 0x0000000086300000, 0x0000000086400000|  0%| F|  |TAMS 0x0000000086300000, 0x0000000086300000| Untracked 
|  72|0x0000000086400000, 0x0000000086400000, 0x0000000086500000|  0%| F|  |TAMS 0x0000000086400000, 0x0000000086400000| Untracked 
|  73|0x0000000086500000, 0x0000000086500000, 0x0000000086600000|  0%| F|  |TAMS 0x0000000086500000, 0x0000000086500000| Untracked 
|  74|0x0000000086600000, 0x0000000086600000, 0x0000000086700000|  0%| F|  |TAMS 0x0000000086600000, 0x0000000086600000| Untracked 
|  75|0x0000000086700000, 0x0000000086700000, 0x0000000086800000|  0%| F|  |TAMS 0x0000000086700000, 0x0000000086700000| Untracked 
|  76|0x0000000086800000, 0x0000000086800000, 0x0000000086900000|  0%| F|  |TAMS 0x0000000086800000, 0x0000000086800000| Untracked 
|  77|0x0000000086900000, 0x0000000086900000, 0x0000000086a00000|  0%| F|  |TAMS 0x0000000086900000, 0x0000000086900000| Untracked 
|  78|0x0000000086a00000, 0x0000000086a00000, 0x0000000086b00000|  0%| F|  |TAMS 0x0000000086a00000, 0x0000000086a00000| Untracked 
|  79|0x0000000086b00000, 0x0000000086c00000, 0x0000000086c00000|100%| E|  |TAMS 0x0000000086b00000, 0x0000000086b00000| Complete 
|  80|0x0000000086c00000, 0x0000000086d00000, 0x0000000086d00000|100%| E|CS|TAMS 0x0000000086c00000, 0x0000000086c00000| Complete 
|  81|0x0000000086d00000, 0x0000000086e00000, 0x0000000086e00000|100%| E|CS|TAMS 0x0000000086d00000, 0x0000000086d00000| Complete 
|  82|0x0000000086e00000, 0x0000000086f00000, 0x0000000086f00000|100%| E|CS|TAMS 0x0000000086e00000, 0x0000000086e00000| Complete 
|  83|0x0000000086f00000, 0x0000000087000000, 0x0000000087000000|100%| E|CS|TAMS 0x0000000086f00000, 0x0000000086f00000| Complete 
|  84|0x0000000087000000, 0x0000000087100000, 0x0000000087100000|100%| E|CS|TAMS 0x0000000087000000, 0x0000000087000000| Complete 
|  85|0x0000000087100000, 0x0000000087200000, 0x0000000087200000|100%| E|CS|TAMS 0x0000000087100000, 0x0000000087100000| Complete 
|  86|0x0000000087200000, 0x0000000087300000, 0x0000000087300000|100%| E|CS|TAMS 0x0000000087200000, 0x0000000087200000| Complete 
|  87|0x0000000087300000, 0x0000000087400000, 0x0000000087400000|100%| E|CS|TAMS 0x0000000087300000, 0x0000000087300000| Complete 
|  88|0x0000000087400000, 0x0000000087500000, 0x0000000087500000|100%| E|CS|TAMS 0x0000000087400000, 0x0000000087400000| Complete 
|  89|0x0000000087500000, 0x0000000087600000, 0x0000000087600000|100%| E|CS|TAMS 0x0000000087500000, 0x0000000087500000| Complete 
|  90|0x0000000087600000, 0x0000000087700000, 0x0000000087700000|100%| E|CS|TAMS 0x0000000087600000, 0x0000000087600000| Complete 
|  91|0x0000000087700000, 0x0000000087800000, 0x0000000087800000|100%| E|CS|TAMS 0x0000000087700000, 0x0000000087700000| Complete 
|  92|0x0000000087800000, 0x0000000087900000, 0x0000000087900000|100%| E|CS|TAMS 0x0000000087800000, 0x0000000087800000| Complete 
|  93|0x0000000087900000, 0x0000000087a00000, 0x0000000087a00000|100%| E|CS|TAMS 0x0000000087900000, 0x0000000087900000| Complete 
|  94|0x0000000087a00000, 0x0000000087b00000, 0x0000000087b00000|100%| E|CS|TAMS 0x0000000087a00000, 0x0000000087a00000| Complete 
|  95|0x0000000087b00000, 0x0000000087c00000, 0x0000000087c00000|100%| E|CS|TAMS 0x0000000087b00000, 0x0000000087b00000| Complete 
|  96|0x0000000087c00000, 0x0000000087d00000, 0x0000000087d00000|100%| E|CS|TAMS 0x0000000087c00000, 0x0000000087c00000| Complete 
|  97|0x0000000087d00000, 0x0000000087e00000, 0x0000000087e00000|100%| E|CS|TAMS 0x0000000087d00000, 0x0000000087d00000| Complete 
|  98|0x0000000087e00000, 0x0000000087f00000, 0x0000000087f00000|100%| E|CS|TAMS 0x0000000087e00000, 0x0000000087e00000| Complete 
|  99|0x0000000087f00000, 0x0000000088000000, 0x0000000088000000|100%| E|CS|TAMS 0x0000000087f00000, 0x0000000087f00000| Complete 
| 100|0x0000000088000000, 0x0000000088100000, 0x0000000088100000|100%| E|CS|TAMS 0x0000000088000000, 0x0000000088000000| Complete 
| 101|0x0000000088100000, 0x0000000088200000, 0x0000000088200000|100%| S|CS|TAMS 0x0000000088100000, 0x0000000088100000| Complete 
| 102|0x0000000088200000, 0x0000000088300000, 0x0000000088300000|100%| S|CS|TAMS 0x0000000088200000, 0x0000000088200000| Complete 
| 103|0x0000000088300000, 0x0000000088400000, 0x0000000088400000|100%| S|CS|TAMS 0x0000000088300000, 0x0000000088300000| Complete 
| 104|0x0000000088400000, 0x0000000088500000, 0x0000000088500000|100%| E|CS|TAMS 0x0000000088400000, 0x0000000088400000| Complete 
| 105|0x0000000088500000, 0x0000000088600000, 0x0000000088600000|100%| E|CS|TAMS 0x0000000088500000, 0x0000000088500000| Complete 
| 106|0x0000000088600000, 0x0000000088700000, 0x0000000088700000|100%| E|CS|TAMS 0x0000000088600000, 0x0000000088600000| Complete 
| 107|0x0000000088700000, 0x0000000088800000, 0x0000000088800000|100%| E|CS|TAMS 0x0000000088700000, 0x0000000088700000| Complete 
| 108|0x0000000088800000, 0x0000000088900000, 0x0000000088900000|100%| E|CS|TAMS 0x0000000088800000, 0x0000000088800000| Complete 
| 109|0x0000000088900000, 0x0000000088a00000, 0x0000000088a00000|100%| E|CS|TAMS 0x0000000088900000, 0x0000000088900000| Complete 
| 110|0x0000000088a00000, 0x0000000088b00000, 0x0000000088b00000|100%| E|CS|TAMS 0x0000000088a00000, 0x0000000088a00000| Complete 
| 111|0x0000000088b00000, 0x0000000088c00000, 0x0000000088c00000|100%| E|CS|TAMS 0x0000000088b00000, 0x0000000088b00000| Complete 
| 112|0x0000000088c00000, 0x0000000088d00000, 0x0000000088d00000|100%| E|CS|TAMS 0x0000000088c00000, 0x0000000088c00000| Complete 
| 113|0x0000000088d00000, 0x0000000088e00000, 0x0000000088e00000|100%| E|CS|TAMS 0x0000000088d00000, 0x0000000088d00000| Complete 
| 114|0x0000000088e00000, 0x0000000088f00000, 0x0000000088f00000|100%| E|CS|TAMS 0x0000000088e00000, 0x0000000088e00000| Complete 
| 115|0x0000000088f00000, 0x0000000089000000, 0x0000000089000000|100%| E|CS|TAMS 0x0000000088f00000, 0x0000000088f00000| Complete 
| 116|0x0000000089000000, 0x0000000089100000, 0x0000000089100000|100%| E|CS|TAMS 0x0000000089000000, 0x0000000089000000| Complete 
| 117|0x0000000089100000, 0x0000000089200000, 0x0000000089200000|100%| E|CS|TAMS 0x0000000089100000, 0x0000000089100000| Complete 
| 118|0x0000000089200000, 0x0000000089300000, 0x0000000089300000|100%| E|CS|TAMS 0x0000000089200000, 0x0000000089200000| Complete 
| 119|0x0000000089300000, 0x0000000089400000, 0x0000000089400000|100%| E|CS|TAMS 0x0000000089300000, 0x0000000089300000| Complete 
| 120|0x0000000089400000, 0x0000000089500000, 0x0000000089500000|100%| E|CS|TAMS 0x0000000089400000, 0x0000000089400000| Complete 
| 121|0x0000000089500000, 0x0000000089600000, 0x0000000089600000|100%| E|CS|TAMS 0x0000000089500000, 0x0000000089500000| Complete 
| 122|0x0000000089600000, 0x0000000089700000, 0x0000000089700000|100%| E|CS|TAMS 0x0000000089600000, 0x0000000089600000| Complete 
| 123|0x0000000089700000, 0x0000000089800000, 0x0000000089800000|100%| E|CS|TAMS 0x0000000089700000, 0x0000000089700000| Complete 
| 124|0x0000000089800000, 0x0000000089900000, 0x0000000089900000|100%| E|CS|TAMS 0x0000000089800000, 0x0000000089800000| Complete 
| 125|0x0000000089900000, 0x0000000089a00000, 0x0000000089a00000|100%| E|CS|TAMS 0x0000000089900000, 0x0000000089900000| Complete 
| 126|0x0000000089a00000, 0x0000000089b00000, 0x0000000089b00000|100%| E|CS|TAMS 0x0000000089a00000, 0x0000000089a00000| Complete 
| 127|0x0000000089b00000, 0x0000000089c00000, 0x0000000089c00000|100%| E|CS|TAMS 0x0000000089b00000, 0x0000000089b00000| Complete 

Card table byte_map: [0x000002425ff30000,0x0000024260330000] _byte_map_base: 0x000002425fb22000

Marking Bits (Prev, Next): (CMBitMap*) 0x000002424660d5c8, (CMBitMap*) 0x000002424660d600
 Prev Bits: [0x0000024260730000, 0x00000242626c0000)
 Next Bits: [0x00000242626c0000, 0x0000024264650000)

Polling page: 0x0000024246410000

Metaspace:

Usage:
  Non-class:     13.10 MB capacity,    12.96 MB ( 99%) used,   127.95 KB ( <1%) free+waste,    18.81 KB ( <1%) overhead. 
      Class:      1.90 MB capacity,     1.84 MB ( 97%) used,    59.76 KB (  3%) free+waste,     8.13 KB ( <1%) overhead. 
       Both:     15.00 MB capacity,    14.79 MB ( 99%) used,   187.70 KB (  1%) free+waste,    26.94 KB ( <1%) overhead. 

Virtual space:
  Non-class space:       14.00 MB reserved,      13.25 MB ( 95%) committed 
      Class space:        1.00 GB reserved,       2.00 MB ( <1%) committed 
             Both:        1.01 GB reserved,      15.25 MB (  1%) committed 

Chunk freelists:
   Non-Class:  2.88 KB
       Class:  640 bytes
        Both:  3.50 KB

CodeHeap 'non-profiled nmethods': size=120000Kb used=855Kb max_used=855Kb free=119144Kb
 bounds [0x0000024257b90000, 0x0000024257e00000, 0x000002425f0c0000]
CodeHeap 'profiled nmethods': size=120000Kb used=3719Kb max_used=3719Kb free=116281Kb
 bounds [0x0000024250660000, 0x0000024250a10000, 0x0000024257b90000]
CodeHeap 'non-nmethods': size=5760Kb used=1166Kb max_used=1192Kb free=4593Kb
 bounds [0x00000242500c0000, 0x0000024250330000, 0x0000024250660000]
 total_blobs=2826 nmethods=1980 adapters=287
 compilation: enabled
              stopped_count=0, restarted_count=0
 full_count=0

Compilation events (10 events):
Event: 2.876 Thread 0x000002426716b800 1977       3       java.nio.ByteBuffer::flip (7 bytes)
Event: 2.876 Thread 0x000002426716b800 nmethod 1977 0x0000024250a00790 code [0x0000024250a00940, 0x0000024250a00b18]
Event: 2.885 Thread 0x000002426716b800 1978       3       jdk.internal.loader.URLClassPath::getResource (74 bytes)
Event: 2.886 Thread 0x000002426716b800 nmethod 1978 0x0000024250a00c10 code [0x0000024250a00e00, 0x0000024250a011a0]
Event: 2.898 Thread 0x000002426716b800 1979       3       java.lang.Byte::<init> (10 bytes)
Event: 2.898 Thread 0x000002426716b800 nmethod 1979 0x0000024250a01310 code [0x0000024250a014c0, 0x0000024250a016d8]
Event: 2.898 Thread 0x000002426716b800 1980       3       java.lang.Short::<init> (10 bytes)
Event: 2.899 Thread 0x000002426716b800 nmethod 1980 0x0000024250a01790 code [0x0000024250a01940, 0x0000024250a01b58]
Event: 2.900 Thread 0x00000242679dd800 1981       4       java.util.concurrent.ConcurrentHashMap::casTabAt (21 bytes)
Event: 2.901 Thread 0x00000242679dd800 nmethod 1981 0x0000024257c65a90 code [0x0000024257c65c20, 0x0000024257c65d38]

GC Heap History (2 events):
Event: 1.196 GC heap before
{Heap before GC invocations=0 (full 0):
 garbage-first heap   total 131072K, used 23552K [0x0000000081c00000, 0x0000000100000000)
  region size 1024K, 24 young (24576K), 0 survivors (0K)
 Metaspace       used 9928K, capacity 10070K, committed 10368K, reserved 1058816K
  class space    used 1000K, capacity 1052K, committed 1152K, reserved 1048576K
}
Event: 1.202 GC heap after
{Heap after GC invocations=1 (full 0):
 garbage-first heap   total 131072K, used 6825K [0x0000000081c00000, 0x0000000100000000)
  region size 1024K, 3 young (3072K), 3 survivors (3072K)
 Metaspace       used 9928K, capacity 10070K, committed 10368K, reserved 1058816K
  class space    used 1000K, capacity 1052K, committed 1152K, reserved 1048576K
}

Deoptimization events (10 events):
Event: 2.603 Thread 0x00000242465cc800 Uncommon trap: reason=null_check action=make_not_entrant pc=0x0000024257c46a30 method=net.bytebuddy.description.type.TypeDescription$ForLoadedType.getModifiers()I @ 4 c2
Event: 2.668 Thread 0x00000242465cc800 Uncommon trap: reason=class_check action=maybe_recompile pc=0x0000024257c3ef54 method=net.bytebuddy.description.method.ParameterList$TypeSubstituting.size()I @ 4 c2
Event: 2.669 Thread 0x00000242465cc800 Uncommon trap: reason=class_check action=maybe_recompile pc=0x0000024257c3ef54 method=net.bytebuddy.description.method.ParameterList$TypeSubstituting.size()I @ 4 c2
Event: 2.669 Thread 0x00000242465cc800 Uncommon trap: reason=class_check action=maybe_recompile pc=0x0000024257c3ef54 method=net.bytebuddy.description.method.ParameterList$TypeSubstituting.size()I @ 4 c2
Event: 2.669 Thread 0x00000242465cc800 Uncommon trap: reason=class_check action=maybe_recompile pc=0x0000024257c3ef54 method=net.bytebuddy.description.method.ParameterList$TypeSubstituting.size()I @ 4 c2
Event: 2.720 Thread 0x00000242465cc800 Uncommon trap: reason=unstable_if action=reinterpret pc=0x0000024257c453cc method=java.lang.reflect.Method.invoke(Ljava/lang/Object;[Ljava/lang/Object;)Ljava/lang/Object; @ 24 c2
Event: 2.720 Thread 0x00000242465cc800 Uncommon trap: reason=unstable_if action=reinterpret pc=0x0000024257c0b044 method=java.lang.reflect.AccessibleObject.verifyAccess(Ljava/lang/Class;Ljava/lang/Class;Ljava/lang/Class;I)Z @ 14 c2
Event: 2.752 Thread 0x00000242465cc800 Uncommon trap: reason=unstable_if action=reinterpret pc=0x0000024257c2e878 method=sun.reflect.annotation.AnnotationInvocationHandler.invoke(Ljava/lang/Object;Ljava/lang/reflect/Method;[Ljava/lang/Object;)Ljava/lang/Object; @ 156 c2
Event: 2.787 Thread 0x00000242465cc800 Uncommon trap: reason=unstable_if action=reinterpret pc=0x0000024257c356c8 method=net.bytebuddy.jar.asm.Type.appendDescriptor(Ljava/lang/Class;Ljava/lang/StringBuilder;)V @ 48 c2
Event: 2.867 Thread 0x00000242465cc800 Uncommon trap: reason=unstable_if action=reinterpret pc=0x0000024257bf7b74 method=jdk.internal.loader.URLClassPath$FileLoader.getResource(Ljava/lang/String;Z)Ljdk/internal/loader/Resource; @ 139 c2

Classes redefined (3 events):
Event: 163.787 Thread 0x000002426714c800 redefined class name=com.apigateway.ApigatewayApplicationTests, count=1
Event: 346.285 Thread 0x000002426714c800 redefined class name=com.apigateway.ApigatewayApplicationTests, count=2
Event: 2058.956 Thread 0x000002426714c800 redefined class name=com.apigateway.ApigatewayApplicationTests, count=3

Internal exceptions (4 events):
Event: 0.807 Thread 0x00000242465cc800 Exception <a 'java/io/FileNotFoundException'{0x000000008909e370}> (0x000000008909e370) thrown at [t:/workspace/open/src/hotspot/share/prims/jni.cpp, line 615]
Event: 0.864 Thread 0x00000242465cc800 Exception <a 'java/lang/NoSuchMethodError'{0x0000000088e08480}: java.lang.invoke.DirectMethodHandle$Holder.invokeSpecialIFC(Ljava/lang/Object;Ljava/lang/Object;I)I> (0x0000000088e08480) thrown at [t:/workspace/open/src/hotspot/share/interpreter/linkResolv
Event: 1.452 Thread 0x00000242465cc800 Exception <a 'java/lang/ClassNotFoundException'{0x0000000088f0c720}: java/lang/ClassLoader$ByteBuddyAccessor$oitU9WbQ> (0x0000000088f0c720) thrown at [t:/workspace/open/src/hotspot/share/classfile/systemDictionary.cpp, line 231]
Event: 2.603 Thread 0x00000242465cc800 Implicit null exception at 0x0000024257c469d9 to 0x0000024257c46a1e

Events (10 events):
Event: 2059.175 Executing VM operation: GetOrSetLocal done
Event: 2059.175 Executing VM operation: GetOrSetLocal
Event: 2059.175 Executing VM operation: GetOrSetLocal done
Event: 2059.179 Executing VM operation: GetFrameCount
Event: 2059.180 Executing VM operation: GetFrameCount done
Event: 2059.180 Executing VM operation: GetStackTrace
Event: 2059.180 Executing VM operation: GetStackTrace done
Event: 2059.180 Executing VM operation: GetFrameLocation
Event: 2059.180 Executing VM operation: GetFrameLocation done
Event: 2059.180 Executing VM operation: GetOrSetLocal


Dynamic libraries:
0x00007ff6ee2f0000 - 0x00007ff6ee337000 	C:\Program Files\Java\jdk-11.0.1\bin\java.exe
0x00007ffdf49e0000 - 0x00007ffdf4bc1000 	C:\WINDOWS\SYSTEM32\ntdll.dll
0x00007ffdbf010000 - 0x00007ffdbf022000 	C:\Program Files\AVAST Software\Avast\aswhook.dll
0x00007ffdf1e70000 - 0x00007ffdf1f21000 	C:\WINDOWS\System32\KERNEL32.DLL
0x00007ffdf16e0000 - 0x00007ffdf1953000 	C:\WINDOWS\System32\KERNELBASE.dll
0x00007ffdf4460000 - 0x00007ffdf4501000 	C:\WINDOWS\System32\ADVAPI32.dll
0x00007ffdf43c0000 - 0x00007ffdf445e000 	C:\WINDOWS\System32\msvcrt.dll
0x00007ffdf4590000 - 0x00007ffdf45eb000 	C:\WINDOWS\System32\sechost.dll
0x00007ffdf46e0000 - 0x00007ffdf4804000 	C:\WINDOWS\System32\RPCRT4.dll
0x00007ffdf3770000 - 0x00007ffdf3900000 	C:\WINDOWS\System32\USER32.dll
0x00007ffdf1ac0000 - 0x00007ffdf1ae0000 	C:\WINDOWS\System32\win32u.dll
0x00007ffdf4030000 - 0x00007ffdf4058000 	C:\WINDOWS\System32\GDI32.dll
0x00007ffdf1cd0000 - 0x00007ffdf1e62000 	C:\WINDOWS\System32\gdi32full.dll
0x00007ffdf15f0000 - 0x00007ffdf168f000 	C:\WINDOWS\System32\msvcp_win.dll
0x00007ffdf19c0000 - 0x00007ffdf1ab8000 	C:\WINDOWS\System32\ucrtbase.dll
0x00007ffde2040000 - 0x00007ffde22a9000 	C:\WINDOWS\WinSxS\amd64_microsoft.windows.common-controls_6595b64144ccf1df_6.0.17134.706_none_fb43a2cb30647007\COMCTL32.dll
0x00007ffdf3440000 - 0x00007ffdf3762000 	C:\WINDOWS\System32\combase.dll
0x00007ffdf0db0000 - 0x00007ffdf0e2a000 	C:\WINDOWS\System32\bcryptPrimitives.dll
0x00007ffdeb8f0000 - 0x00007ffdeb8fa000 	C:\WINDOWS\SYSTEM32\VERSION.dll
0x00007ffdf4280000 - 0x00007ffdf42ad000 	C:\WINDOWS\System32\IMM32.DLL
0x00007ffde0890000 - 0x00007ffde08a6000 	C:\Program Files\Java\jdk-11.0.1\bin\vcruntime140.dll
0x00007ffdb5b60000 - 0x00007ffdb5c0a000 	C:\Program Files\Java\jdk-11.0.1\bin\msvcp140.dll
0x00007ffda55f0000 - 0x00007ffda6132000 	C:\Program Files\Java\jdk-11.0.1\bin\server\jvm.dll
0x00007ffdf4570000 - 0x00007ffdf4578000 	C:\WINDOWS\System32\PSAPI.DLL
0x00007ffde2e70000 - 0x00007ffde2e79000 	C:\WINDOWS\SYSTEM32\WSOCK32.dll
0x00007ffdf33d0000 - 0x00007ffdf343c000 	C:\WINDOWS\System32\WS2_32.dll
0x00007ffdeb7a0000 - 0x00007ffdeb7c3000 	C:\WINDOWS\SYSTEM32\WINMM.dll
0x00007ffdeb770000 - 0x00007ffdeb79a000 	C:\WINDOWS\SYSTEM32\WINMMBASE.dll
0x00007ffdf1690000 - 0x00007ffdf16d9000 	C:\WINDOWS\System32\cfgmgr32.dll
0x00007ffdf0d70000 - 0x00007ffdf0d81000 	C:\WINDOWS\System32\kernel.appcore.dll
0x00007ffde0870000 - 0x00007ffde0881000 	C:\Program Files\Java\jdk-11.0.1\bin\verify.dll
0x00007ffdeedb0000 - 0x00007ffdeef79000 	C:\WINDOWS\SYSTEM32\DBGHELP.DLL
0x00007ffde00f0000 - 0x00007ffde0119000 	C:\WINDOWS\SYSTEM32\dbgcore.DLL
0x00007ffddf440000 - 0x00007ffddf469000 	C:\Program Files\Java\jdk-11.0.1\bin\java.dll
0x00007ffdc1590000 - 0x00007ffdc15c7000 	C:\Program Files\Java\jdk-11.0.1\bin\jdwp.dll
0x00007ffdc5d70000 - 0x00007ffdc5d9f000 	C:\Program Files\Java\jdk-11.0.1\bin\instrument.dll
0x00007ffde0850000 - 0x00007ffde0866000 	C:\Program Files\Java\jdk-11.0.1\bin\zip.dll
0x00007ffde88a0000 - 0x00007ffde88aa000 	C:\Program Files\Java\jdk-11.0.1\bin\jimage.dll
0x00007ffdf1f90000 - 0x00007ffdf33d0000 	C:\WINDOWS\System32\SHELL32.dll
0x00007ffdf42b0000 - 0x00007ffdf4359000 	C:\WINDOWS\System32\shcore.dll
0x00007ffdf0e30000 - 0x00007ffdf153d000 	C:\WINDOWS\System32\windows.storage.dll
0x00007ffdf4510000 - 0x00007ffdf4561000 	C:\WINDOWS\System32\shlwapi.dll
0x00007ffdf0d90000 - 0x00007ffdf0daf000 	C:\WINDOWS\System32\profapi.dll
0x00007ffdf0d20000 - 0x00007ffdf0d6c000 	C:\WINDOWS\System32\powrprof.dll
0x00007ffdf0d10000 - 0x00007ffdf0d1a000 	C:\WINDOWS\System32\FLTLIB.DLL
0x00007ffde3540000 - 0x00007ffde354a000 	C:\Program Files\Java\jdk-11.0.1\bin\dt_socket.dll
0x00007ffdf0520000 - 0x00007ffdf0586000 	C:\WINDOWS\system32\mswsock.dll
0x00007ffddf420000 - 0x00007ffddf439000 	C:\Program Files\Java\jdk-11.0.1\bin\net.dll
0x00007ffdec220000 - 0x00007ffdec2fd000 	C:\WINDOWS\SYSTEM32\WINHTTP.dll
0x00007ffddcfe0000 - 0x00007ffddcff3000 	C:\Program Files\Java\jdk-11.0.1\bin\nio.dll

dbghelp: loaded successfully - version: 4.0.5 - missing functions: none
symbol engine: initialized successfully - sym options: 0x614 - pdb path: .;C:\Program Files\Java\jdk-11.0.1\bin;C:\WINDOWS\SYSTEM32;C:\Program Files\AVAST Software\Avast;C:\WINDOWS\WinSxS\amd64_microsoft.windows.common-controls_6595b64144ccf1df_6.0.17134.706_none_fb43a2cb30647007;C:\Program Files\Java\jdk-11.0.1\bin\server

VM Arguments:
jvm_args: -agentlib:jdwp=transport=dt_socket,address=127.0.0.1:50223,suspend=y,server=n -ea -Didea.test.cyclic.buffer.size=1048576 -javaagent:C:\Users\SELMAA~1\AppData\Local\Temp\captureAgent979jars\debugger-agent.jar=file:/C:/Users/SELMAA~1/AppData/Local/Temp/capture.props -Dfile.encoding=UTF-8 
java_command: com.intellij.rt.execution.junit.JUnitStarter -ideVersion5 -junit4 com.apigateway.ApigatewayApplicationTests,testGetAllUsersController
java_class_path (initial): C:\Program Files\JetBrains\IntelliJ IDEA\IntelliJ IDEA 2018.2.5\lib\idea_rt.jar;C:\Program Files\JetBrains\IntelliJ IDEA\IntelliJ IDEA 2018.2.5\plugins\junit\lib\junit-rt.jar;C:\Program Files\JetBrains\IntelliJ IDEA\IntelliJ IDEA 2018.2.5\plugins\junit\lib\junit5-rt.jar;C:\Users\Selma Ahmetovic\Documents\GitHub\nwt-team21\apigateway\target\test-classes;C:\Users\Selma Ahmetovic\Documents\GitHub\nwt-team21\apigateway\target\classes;C:\Users\Selma Ahmetovic\.m2\repository\org\springframework\boot\spring-boot-starter-test\2.1.3.RELEASE\spring-boot-starter-test-2.1.3.RELEASE.jar;C:\Users\Selma Ahmetovic\.m2\repository\org\springframework\boot\spring-boot-starter\2.1.3.RELEASE\spring-boot-starter-2.1.3.RELEASE.jar;C:\Users\Selma Ahmetovic\.m2\repository\org\springframework\boot\spring-boot\2.1.3.RELEASE\spring-boot-2.1.3.RELEASE.jar;C:\Users\Selma Ahmetovic\.m2\repository\org\springframework\boot\spring-boot-autoconfigure\2.1.3.RELEASE\spring-boot-autoconfigure-2.1.3.RELEASE.jar;C:\Users\Selma Ahmetovic\.m2\repository\org\springframework\boot\spring-boot-starter-logging\2.1.3.RELEASE\spring-boot-starter-logging-2.1.3.RELEASE.jar;C:\Users\Selma Ahmetovic\.m2\repository\ch\qos\logback\logback-classic\1.2.3\logback-classic-1.2.3.jar;C:\Users\Selma Ahmetovic\.m2\repository\ch\qos\logback\logback-core\1.2.3\logback-core-1.2.3.jar;C:\Users\Selma Ahmetovic\.m2\repository\org\apache\logging\log4j\log4j-to-slf4j\2.11.2\log4j-to-slf4j-2.11.2.jar;C:\Users\Selma Ahmetovic\.m2\repository\org\apache\logging\log4j\log4j-api\2.11.2\log4j-api-2.11.2.jar;C:\Users\Selma Ahmetovic\.m2\repository\org\slf4j\jul-to-slf4j\1.7.25\jul-to-slf4j-1.7.25.jar;C:\Users\Selma Ahmetovic\.m2\repository\javax\annotation\javax.annotation-api\1.3.2\javax.annotation-api-1.3.2.jar;C:\Users\Selma Ahmetovic\.m2\repository\org\yaml\snakeyaml\1.23\snakeyaml-1.23.jar;C:\Users\Selma Ahmetovic\.m2\repository\org\springframework\boot\spring-boot-test\2.1.3.RELEASE\spring-boot-test-2.1.3.REL
Launcher Type: SUN_STANDARD

[Global flags]
     intx CICompilerCount                          = 4                                         {product} {ergonomic}
     uint ConcGCThreads                            = 2                                         {product} {ergonomic}
     uint G1ConcRefinementThreads                  = 8                                         {product} {ergonomic}
   size_t G1HeapRegionSize                         = 1048576                                   {product} {ergonomic}
    uintx GCDrainStackTargetSize                   = 64                                        {product} {ergonomic}
   size_t InitialHeapSize                          = 134217728                                 {product} {ergonomic}
   size_t MarkStackSize                            = 4194304                                   {product} {ergonomic}
   size_t MaxHeapSize                              = 2118123520                                {product} {ergonomic}
   size_t MaxNewSize                               = 1270874112                                {product} {ergonomic}
   size_t MinHeapDeltaBytes                        = 1048576                                   {product} {ergonomic}
    uintx NonNMethodCodeHeapSize                   = 5835340                                {pd product} {ergonomic}
    uintx NonProfiledCodeHeapSize                  = 122911450                              {pd product} {ergonomic}
    uintx ProfiledCodeHeapSize                     = 122911450                              {pd product} {ergonomic}
    uintx ReservedCodeCacheSize                    = 251658240                              {pd product} {ergonomic}
     bool SegmentedCodeCache                       = true                                      {product} {ergonomic}
     bool UseCompressedClassPointers               = true                                 {lp64_product} {ergonomic}
     bool UseCompressedOops                        = true                                 {lp64_product} {ergonomic}
     bool UseG1GC                                  = true                                      {product} {ergonomic}
     bool UseLargePagesIndividualAllocation        = false                                  {pd product} {ergonomic}

Logging:
Log output configuration:
 #0: stdout all=warning uptime,level,tags
 #1: stderr all=off uptime,level,tags

Environment Variables:
JAVA_HOME=C:\Program Files\Java\jdk-11.0.1
PATH=C:\Program Files (x86)\Common Files\Oracle\Java\javapath;C:\app\SelmaAhmetovic\product\12.2.0\dbhome_1\bin;C:\app\OracleUser\product\12.2.0\dbhome_1\bin;C:\Windows\system32;C:\Windows;C:\Windows\System32\Wbem;C:\Windows\System32\WindowsPowerShell\v1.0\;C:\Program Files (x86)\NVIDIA Corporation\PhysX\Common;C:\WINDOWS\system32;C:\WINDOWS;C:\WINDOWS\System32\Wbem;C:\WINDOWS\System32\WindowsPowerShell\v1.0\;C:\WINDOWS\System32\OpenSSH\;C:\Program Files\Git\cmd;C:\Program Files\Java\jdk1.8.0_201\bin;C:\Program Files\Apache\apache-maven-3.6.0\bin;C:\Program Files\nodejs\;C:\Program Files\dotnet\;C:\TDM-GCC-64\bin;C:\Program Files\MATLAB\R2018a\runtime\win64;C:\Program Files\MATLAB\R2018a\bin;C:\Users\Selma Ahmetovic\AppData\Local\Microsoft\WindowsApps;C:\Users\Selma Ahmetovic\AppData\Local\GitHubDesktop\bin;C:\Program Files\Apache\apache-maven-3.6.0;C:\Program Files\MongoDB\bin;C:\Users\Selma Ahmetovic\AppData\Roaming\npm;C:\Program Files\Jet Brains PyCharm\PyCharm Community Edition 2018.3\bin;;
USERNAME=Selma Ahmetovic
OS=Windows_NT
PROCESSOR_IDENTIFIER=Intel64 Family 6 Model 142 Stepping 10, GenuineIntel



---------------  S Y S T E M  ---------------

OS: Windows 10 , 64 bit Build 17134 (10.0.17134.706)

CPU:total 8 (initial active 8) (4 cores per cpu, 2 threads per core) family 6 model 142 stepping 10, cmov, cx8, fxsr, mmx, sse, sse2, sse3, ssse3, sse4.1, sse4.2, popcnt, avx, avx2, aes, clmul, erms, 3dnowpref, lzcnt, ht, tsc, tscinvbit, bmi1, bmi2, adx, fma

Memory: 4k page, system-wide physical 8074M (1380M free)
TotalPageFile size 14218M (AvailPageFile size 1961M)
current process WorkingSet (physical memory assigned to process): 101M, peak: 122M
current process commit charge ("private bytes"): 226M, peak: 243M

vm_info: Java HotSpot(TM) 64-Bit Server VM (11.0.1+13-LTS) for windows-amd64 JRE (11.0.1+13-LTS), built on Oct  6 2018 13:20:16 by "mach5one" with MS VC++ 15.5 (VS2017)

END.
